"report-def-0-rfile"
"Iteration" "lift"
("Iteration" "lift")
1 -0.4444740509468895
2 -0.7270413666523551
3 -0.9560571739892025
4 -1.084868029316298
5 -1.134397317287565
6 -1.054875860852771
7 -0.9503361860769811
8 -0.8377393451442594
9 -0.7188157897522549
10 -0.6114124382341084
11 -0.5264184349780748
12 -0.4570408339563499
13 -0.3995258920504887
14 -0.3622392695582325
15 -0.356172603241743
16 -0.4068723636543934
17 -0.5020529959614753
18 -0.6326854771692052
19 -0.7487060107927
20 -0.7710679492143104
21 -0.6663264798366183
22 -0.5709127135975219
23 -0.5344357576905726
24 -0.5547597161762273
25 -0.5606441503220693
26 -0.5198378899744009
27 -0.4808896057052676
28 -0.5025957017281869
29 -0.5853022738382161
30 -0.6683772250237867
31 -0.6396854402546275
32 -0.5684819775674048
33 -0.5417039887732449
34 -0.5791084482955446
35 -0.6413511587778172
36 -0.6671168731552963
37 -0.617605392615878
38 -0.5572415852806913
39 -0.5577173149293071
40 -0.6202278650772672
41 -0.6978805960019775
42 -0.6961825515521833
43 -0.6196726556993538
44 -0.5744015722991233
45 -0.5904850494329055
46 -0.646841551473075
47 -0.6852003793552232
48 -0.6439331007243151
49 -0.5831930688473332
50 -0.5723980497300316
51 -0.6169801327214265
52 -0.6766000337091271
53 -0.6823110669886184
54 -0.6186958032797338
55 -0.5736829902761167
56 -0.5884316970099012
57 -0.6417475738387821
58 -0.6824649675820124
59 -0.6537873206387791
60 -0.5984206884854183
61 -0.5827268500744062
62 -0.6158917226071593
63 -0.6610303326598838
64 -0.6623367455305303
65 -0.6181673741281797
66 -0.5911130474955256
67 -0.6097465212500826
68 -0.6496003238725712
69 -0.6637275314874469
70 -0.6329008122634694
71 -0.6008329402696856
72 -0.6065636017325055
73 -0.6398902908129288
74 -0.6621465787507271
75 -0.6455978875705584
76 -0.6139801235591081
77 -0.6085746895856525
78 -0.6322845963089799
79 -0.6559270122370401
80 -0.6509029200461087
81 -0.6253602043028778
82 -0.6143265739160326
83 -0.6299406165977007
84 -0.6520024473491467
85 -0.6538820873062285
86 -0.634378290144486
87 -0.6204555391857374
88 -0.6290312044679774
89 -0.6482919985876883
90 -0.6549884042112485
91 -0.6416644285014251
92 -0.6268786873176583
93 -0.6294239794541642
94 -0.6448385017681519
95 -0.6542483133185534
96 -0.6468039302512126
97 -0.6331346472067482
98 -0.6311490237888896
99 -0.6422368449361309
100 -0.6523706911928638
101 -0.6497172157917493
102 -0.6385759058423847
103 -0.6338249497687612
104 -0.6407846374654421
105 -0.6502489190261612
106 -0.6509842715915934
107 -0.6428420549103115
108 -0.6367761063237543
109 -0.6400706055672732
110 -0.6479646156158896
111 -0.6509035032481799
112 -0.6458814406889746
113 -0.6398122532162864
114 -0.6402954169023147
115 -0.6461362401425188
116 -0.6500502720072141
117 -0.6476825112283263
118 -0.642535468510282
119 -0.641216343499977
120 -0.6449479523672856
121 -0.6488785282315992
122 -0.6484514317775527
123 -0.6446615491429327
124 -0.6424952781040157
125 -0.6444250583874209
126 -0.6477807388129315
127 -0.6485322635178838
128 -0.6460832164355703
129 -0.6437412355415441
130 -0.6443215651288621
131 -0.6468409237771796
132 -0.6481673722632811
133 -0.646891518945666
134 -0.6448372571758814
135 -0.6445604311261744
136 -0.6462053331979453
137 -0.6476390076505099
138 -0.6472191432433668
139 -0.6456589890249855
140 -0.6449571913155032
141 -0.6458634610573466
142 -0.6471416369365989
143 -0.6473583430725917
144 -0.6462830580892592
145 -0.6453588334506046
146 -0.6456502164111328
147 -0.6466596901363543
148 -0.6471941204440274
149 -0.6466365749097669
150 -0.6457961626149651
151 -0.6456974163620073
152 -0.6463587484480741
153 -0.6469461162812118
154 -0.6468165090527809
155 -0.6461499025809666
156 -0.6457630907231976
157 -0.6460927623113963
158 -0.6466486186711066
159 -0.6468019275569177
160 -0.6463959060999982
161 -0.6459778179360757
162 -0.6460160570482046
163 -0.6464510343368598
164 -0.6467511737810433
165 -0.6466069915221045
166 -0.6462187256571572
167 -0.6460497409558035
168 -0.646264214528943
169 -0.6465904325785932
170 -0.6466612333220356
171 -0.646418683984596
172 -0.6461506429534584
173 -0.6461420512883468
174 -0.6463689549045922
175 -0.6465586214655058
176 -0.6465118644762308
177 -0.6463064755557333
178 -0.6461844484200147
179 -0.6462707954413207
180 -0.6464503814959678
181 -0.6465181246635018
182 -0.646410174798101
183 -0.6462594105084044
184 -0.6462330034285754
185 -0.6463482468040568
186 -0.6464682650144763
187 -0.6464641235484537
188 -0.6463520295868855
189 -0.6462618484277493
190 -0.6462868441751562
191 -0.6463879051047743
192 -0.6464493655186269
193 -0.6464104914469806
194 -0.6463241836543777
195 -0.6462882649252851
196 -0.646335625197252
197 -0.646406014743212
198 -0.6464316358064711
199 -0.6463823805029362
200 -0.6463170612389877
201 -0.6462970613687152
202 -0.6463435362555326
203 -0.6463990807438819
204 -0.6464193331972206
205 -0.6463910156806648
206 -0.6463409193233132
207 -0.6463195564544886
208 -0.646338048520319
209 -0.6463757079735115
210 -0.6463973616001097
211 -0.6463858777169295
212 -0.6463559125431494
213 -0.6463366971822304
214 -0.6463445977780763
215 -0.6463699852926835
216 -0.6463881331684223
217 -0.6463826083499821
218 -0.6463593792796747
219 -0.6463399928505725
220 -0.6463413304393643
221 -0.6463610339049685
222 -0.6463810054339176
223 -0.6463844725521184
224 -0.6463704357399039
225 -0.6463530261352047
226 -0.6463476685642171
227 -0.6463574790870604
228 -0.6463718332726706
229 -0.6463772063618815
230 -0.6463694930827324
231 -0.6463567775313688
232 -0.6463509860512748
233 -0.6463568787505301
234 -0.646368402377843
235 -0.6463749713746376
236 -0.6463712151594438
237 -0.6463612628715689
238 -0.6463542730182553
239 -0.6463559472104308
240 -0.6463638744852556
241 -0.6463704411736892
242 -0.646370027164244
243 -0.6463637497207383
244 -0.6463578128689227
245 -0.6463575266095603
246 -0.6463626882880795
247 -0.6463682750719947
248 -0.6463693358867799
249 -0.6463653702350328
250 -0.646360371966605
251 -0.6463588946695904
252 -0.6463619833029346
253 -0.6463665745845374
254 -0.6463685730741749
255 -0.6463665494158776
256 -0.6463627449861445
257 -0.6463607479819105
258 -0.6463622025058477
259 -0.6463655421139035
260 -0.6463676760942869
261 -0.646366861495179
262 -0.6463641174072734
263 -0.6463620683872586
264 -0.6463624778884344
265 -0.6463647709435646
266 -0.6463667586413389
267 -0.6463667189899406
268 -0.6463648729843545
269 -0.6463630091138959
270 -0.6463627603382689
271 -0.6463641788344009
272 -0.6463658388909294
273 -0.646366233440124
274 -0.6463651121608137
275 -0.6463635855242713
276 -0.6463630183491507
277 -0.6463638013101857
278 -0.6463650974252673
279 -0.6463656950858954
280 -0.6463651122365492
281 -0.64636395376945
282 -0.6463632771547424
283 -0.6463636175619901
284 -0.6463645651171108
285 -0.6463652149661575
286 -0.6463650121379164
287 -0.6463642083503397
288 -0.6463635646703114
289 -0.6463636318991485
290 -0.6463642840010518
291 -0.646364890575266
292 -0.6463649208913628
293 -0.6463644032370356
294 -0.6463638468889318
295 -0.6463637491090322
296 -0.6463641577998259
297 -0.6463646716763075
298 -0.6463648366741572
299 -0.6463645513095786
300 -0.6463641235119012
301 -0.6463639604487266
302 -0.646364200050866
303 -0.6463646140634719
304 -0.6463648435606212
305 -0.6463647273324072
306 -0.6463644255281832
307 -0.6463642477959866
308 -0.6116559520319926
309 -0.2119035209932278
310 -0.1257600034720074
311 -0.0614570993771872
312 -0.01476879788484004
313 0.02386879067922407
314 0.05710005984331571
315 0.08513017481405787
316 0.1090385247777461
317 0.1268233619136012
318 0.1392026826111028
319 0.1456331209872118
320 0.145469614133635
321 0.1370499906385526
322 0.1204934229609795
323 0.1009462969249641
324 0.08232682679269261
325 0.06689041191551484
326 0.05367697292195047
327 0.04203432880312731
328 0.03198807600695883
329 0.02354078009025221
330 0.01675601570575008
331 0.01158456307713887
332 0.007926388893839661
333 0.005564144606386746
334 0.004140400411101395
335 0.003290257993640138
336 0.002751989213249323
337 0.002369412066982816
338 0.002076217653401627
339 0.001869654632323448
340 0.00174418299955644
341 0.001653574705800065
342 0.001576008329774533
343 0.001499177043423959
344 0.001414905424488241
345 0.001314875055587042
346 0.001229601285172332
347 0.001152747661480733
348 0.001085469471719348
349 0.001036080643642445
350 0.0009913063305852514
351 0.0009598162092291285
352 0.0009368860604590237
353 0.0009258740825757053
354 0.0009237096810361459
355 0.0009266488655683471
356 0.0009331840987352946
357 0.0009422285333938941
358 0.0009543629095606848
359 0.0009686786375612671
360 0.0009849401424824149
361 0.001002359554464891
362 0.001020646898646203
363 0.001039786351151655
364 0.001059719636842049
365 0.001081027845551029
366 0.001102866131384629
367 0.001124160499022187
368 0.001143229126130666
369 0.001160446780843345
370 0.001174941970323025
371 0.001186238794597181
372 0.001192902627828648
373 0.001195112212379752
374 0.001192445217761867
375 0.001185277192486288
376 0.001174957062210534
377 0.001162262468263766
378 0.001147049323149333
379 0.001130351409097291
380 0.001112742266000445
381 0.001095341697607224
382 0.001078606969771534
383 0.001063322732497938
384 0.001049696591575423
385 0.00103806238715213
386 0.001028130594812629
387 0.00102017660988448
388 0.001013787383220055
389 0.001008751386746129
390 0.001004768992966434
391 0.001001821464752475
392 0.0009994190180267373
393 0.0009976018131258914
394 0.0009958602607312743
395 0.0009942766269846826
396 0.0009925051830095429
397 0.0009906636480110276
398 0.000988573189870202
399 0.0009864550802078044
400 0.0009841742807773406
401 0.0009819574314921043
402 0.000979546704225861
403 0.0009772119458337208
404 0.000974790105695969
405 0.0009724869805063202
406 0.0009701805785917365
407 0.0009681441752392318
408 0.0008187360456394275
409 -0.04976242848203331
410 -0.3368385209757315
411 -0.5453058684354102
412 -0.6771103097188083
413 -0.7097335635664926
414 -0.6981636233372062
415 -0.6759319169507458
416 -0.6766792685944298
417 -0.6877076407050529
418 -0.6853982118283635
419 -0.665961057500351
420 -0.6504978631509208
421 -0.6413662646187303
422 -0.6222078085704418
423 -0.5925531323332893
424 -0.570861328710038
425 -0.5564818523233533
426 -0.5354795848574572
427 -0.5145068675704203
428 -0.5180078800506112
429 -0.5505744304594395
430 -0.5915001839816163
431 -0.5937931513399651
432 -0.5810636566868848
433 -0.5921772465602863
434 -0.6104776551123577
435 -0.6011846484100899
436 -0.5775592711768814
437 -0.5743963887721673
438 -0.6043434765401616
439 -0.6454980066615958
440 -0.6564433684496758
441 -0.6256067305998595
442 -0.5909126763063458
443 -0.5880028290265471
444 -0.6143324878726888
445 -0.6417452845373488
446 -0.6391123064005269
447 -0.616817865514673
448 -0.6110259455538628
449 -0.628806950731287
450 -0.6453745688405955
451 -0.6383806659302386
452 -0.618646244370574
453 -0.6134869594388311
454 -0.631240376064784
455 -0.6534712978155983
456 -0.6555028871607366
457 -0.6344480817574931
458 -0.6148254597412065
459 -0.6178014879628038
460 -0.638084027393382
461 -0.6537162303563705
462 -0.6483381279825382
463 -0.6301515685669081
464 -0.6223788225616574
465 -0.633355432033712
466 -0.6470836238584663
467 -0.6470735242834543
468 -0.6353567749347943
469 -0.6294720900032723
470 -0.6379434762028927
471 -0.6501813969892029
472 -0.6513993158816499
473 -0.6404934151615544
474 -0.6319097587049834
475 -0.6361638709881082
476 -0.6473970226288999
477 -0.6522949509262297
478 -0.6456284707463982
479 -0.636592289833518
480 -0.6363948679842502
481 -0.644158565265183
482 -0.6499160575074489
483 -0.6471139378215197
484 -0.6401343584277707
485 -0.6382707568507484
486 -0.64339945280486
487 -0.6487337696056761
488 -0.6478879751015981
489 -0.6424202983899759
490 -0.6395889928827232
491 -0.642713419305638
492 -0.6476251891758739
493 -0.6484616718363824
494 -0.644620276431989
495 -0.6412376980858093
496 -0.6423599202800319
497 -0.6461847809372541
498 -0.6479919706741871
499 -0.645892035491635
500 -0.6428726433863933
501 -0.6427075814027345
502 -0.6452835771349242
503 -0.6472404384399312
504 -0.6463484194489028
505 -0.6440006326036429
506 -0.6432339535485061
507 -0.6448362616985237
